Error: The module '/home/ubuntu/Magdalena/node_modules/better-sqlite3/build/Release/better_sqlite3.node'
was compiled against a different Node.js version using
NODE_MODULE_VERSION 115. This version of Node.js requires
NODE_MODULE_VERSION 108. Please try re-compiling or re-installing
the module (for instance, using `npm rebuild` or `npm install`).
    at Module._extensions..node (node:internal/modules/cjs/loader:1460:18)
    at Module.load (node:internal/modules/cjs/loader:1203:32)
    at Module._load (node:internal/modules/cjs/loader:1019:12)
    at Module.require (node:internal/modules/cjs/loader:1231:19)
    at Hook._require.Module.require (/home/ubuntu/.nvm/versions/node/v20.20.0/lib/node_modules/pm2/node_modules/require-in-the-middle/index.js:101:39)
    at require (node:internal/modules/helpers:177:18)
    at bindings (/home/ubuntu/Magdalena/node_modules/bindings/bindings.js:112:48)
    at new Database (/home/ubuntu/Magdalena/node_modules/better-sqlite3/lib/database.js:48:64)
    at Object.<anonymous> (/home/ubuntu/Magdalena/db/init.js:6:12)
    at Module._compile (node:internal/modules/cjs/loader:1364:14)
Error: The module '/home/ubuntu/Magdalena/node_modules/better-sqlite3/build/Release/better_sqlite3.node'
was compiled against a different Node.js version using
NODE_MODULE_VERSION 115. This version of Node.js requires
NODE_MODULE_VERSION 108. Please try re-compiling or re-installing
the module (for instance, using `npm rebuild` or `npm install`).
    at Module._extensions..node (node:internal/modules/cjs/loader:1460:18)
    at Module.load (node:internal/modules/cjs/loader:1203:32)
    at Module._load (node:internal/modules/cjs/loader:1019:12)
    at Module.require (node:internal/modules/cjs/loader:1231:19)
    at Hook._require.Module.require (/home/ubuntu/.nvm/versions/node/v20.20.0/lib/node_modules/pm2/node_modules/require-in-the-middle/index.js:101:39)
    at require (node:internal/modules/helpers:177:18)
    at bindings (/home/ubuntu/Magdalena/node_modules/bindings/bindings.js:112:48)
    at new Database (/home/ubuntu/Magdalena/node_modules/better-sqlite3/lib/database.js:48:64)
    at Object.<anonymous> (/home/ubuntu/Magdalena/db/init.js:6:12)
    at Module._compile (node:internal/modules/cjs/loader:1364:14)
Error: The module '/home/ubuntu/Magdalena/node_modules/better-sqlite3/build/Release/better_sqlite3.node'
was compiled against a different Node.js version using
NODE_MODULE_VERSION 115. This version of Node.js requires
NODE_MODULE_VERSION 108. Please try re-compiling or re-installing
the module (for instance, using `npm rebuild` or `npm install`).
    at Module._extensions..node (node:internal/modules/cjs/loader:1460:18)
    at Module.load (node:internal/modules/cjs/loader:1203:32)
    at Module._load (node:internal/modules/cjs/loader:1019:12)
    at Module.require (node:internal/modules/cjs/loader:1231:19)
    at Hook._require.Module.require (/home/ubuntu/.nvm/versions/node/v20.20.0/lib/node_modules/pm2/node_modules/require-in-the-middle/index.js:101:39)
    at require (node:internal/modules/helpers:177:18)
    at bindings (/home/ubuntu/Magdalena/node_modules/bindings/bindings.js:112:48)
    at new Database (/home/ubuntu/Magdalena/node_modules/better-sqlite3/lib/database.js:48:64)
    at Object.<anonymous> (/home/ubuntu/Magdalena/db/init.js:6:12)
    at Module._compile (node:internal/modules/cjs/loader:1364:14)
Error: The module '/home/ubuntu/Magdalena/node_modules/better-sqlite3/build/Release/better_sqlite3.node'
was compiled against a different Node.js version using
NODE_MODULE_VERSION 115. This version of Node.js requires
NODE_MODULE_VERSION 108. Please try re-compiling or re-installing
the module (for instance, using `npm rebuild` or `npm install`).
    at Module._extensions..node (node:internal/modules/cjs/loader:1460:18)
    at Module.load (node:internal/modules/cjs/loader:1203:32)
    at Module._load (node:internal/modules/cjs/loader:1019:12)
    at Module.require (node:internal/modules/cjs/loader:1231:19)
    at Hook._require.Module.require (/home/ubuntu/.nvm/versions/node/v20.20.0/lib/node_modules/pm2/node_modules/require-in-the-middle/index.js:101:39)
    at require (node:internal/modules/helpers:177:18)
    at bindings (/home/ubuntu/Magdalena/node_modules/bindings/bindings.js:112:48)
    at new Database (/home/ubuntu/Magdalena/node_modules/better-sqlite3/lib/database.js:48:64)
    at Object.<anonymous> (/home/ubuntu/Magdalena/db/init.js:6:12)
    at Module._compile (node:internal/modules/cjs/loader:1364:14)
Error: The module '/home/ubuntu/Magdalena/node_modules/better-sqlite3/build/Release/better_sqlite3.node'
was compiled against a different Node.js version using
NODE_MODULE_VERSION 115. This version of Node.js requires
NODE_MODULE_VERSION 108. Please try re-compiling or re-installing
the module (for instance, using `npm rebuild` or `npm install`).
    at Module._extensions..node (node:internal/modules/cjs/loader:1460:18)
    at Module.load (node:internal/modules/cjs/loader:1203:32)
    at Module._load (node:internal/modules/cjs/loader:1019:12)
    at Module.require (node:internal/modules/cjs/loader:1231:19)
    at Hook._require.Module.require (/home/ubuntu/.nvm/versions/node/v20.20.0/lib/node_modules/pm2/node_modules/require-in-the-middle/index.js:101:39)
    at require (node:internal/modules/helpers:177:18)
    at bindings (/home/ubuntu/Magdalena/node_modules/bindings/bindings.js:112:48)
    at new Database (/home/ubuntu/Magdalena/node_modules/better-sqlite3/lib/database.js:48:64)
    at Object.<anonymous> (/home/ubuntu/Magdalena/db/init.js:6:12)
    at Module._compile (node:internal/modules/cjs/loader:1364:14)
Error: The module '/home/ubuntu/Magdalena/node_modules/better-sqlite3/build/Release/better_sqlite3.node'
was compiled against a different Node.js version using
NODE_MODULE_VERSION 115. This version of Node.js requires
NODE_MODULE_VERSION 108. Please try re-compiling or re-installing
the module (for instance, using `npm rebuild` or `npm install`).
    at Module._extensions..node (node:internal/modules/cjs/loader:1460:18)
    at Module.load (node:internal/modules/cjs/loader:1203:32)
    at Module._load (node:internal/modules/cjs/loader:1019:12)
    at Module.require (node:internal/modules/cjs/loader:1231:19)
    at Hook._require.Module.require (/home/ubuntu/.nvm/versions/node/v20.20.0/lib/node_modules/pm2/node_modules/require-in-the-middle/index.js:101:39)
    at require (node:internal/modules/helpers:177:18)
    at bindings (/home/ubuntu/Magdalena/node_modules/bindings/bindings.js:112:48)
    at new Database (/home/ubuntu/Magdalena/node_modules/better-sqlite3/lib/database.js:48:64)
    at Object.<anonymous> (/home/ubuntu/Magdalena/db/init.js:6:12)
    at Module._compile (node:internal/modules/cjs/loader:1364:14)
Error: The module '/home/ubuntu/Magdalena/node_modules/better-sqlite3/build/Release/better_sqlite3.node'
was compiled against a different Node.js version using
NODE_MODULE_VERSION 115. This version of Node.js requires
NODE_MODULE_VERSION 108. Please try re-compiling or re-installing
the module (for instance, using `npm rebuild` or `npm install`).
    at Module._extensions..node (node:internal/modules/cjs/loader:1460:18)
    at Module.load (node:internal/modules/cjs/loader:1203:32)
    at Module._load (node:internal/modules/cjs/loader:1019:12)
    at Module.require (node:internal/modules/cjs/loader:1231:19)
    at Hook._require.Module.require (/home/ubuntu/.nvm/versions/node/v20.20.0/lib/node_modules/pm2/node_modules/require-in-the-middle/index.js:101:39)
    at require (node:internal/modules/helpers:177:18)
    at bindings (/home/ubuntu/Magdalena/node_modules/bindings/bindings.js:112:48)
    at new Database (/home/ubuntu/Magdalena/node_modules/better-sqlite3/lib/database.js:48:64)
    at Object.<anonymous> (/home/ubuntu/Magdalena/db/init.js:6:12)
    at Module._compile (node:internal/modules/cjs/loader:1364:14)
Error: The module '/home/ubuntu/Magdalena/node_modules/better-sqlite3/build/Release/better_sqlite3.node'
was compiled against a different Node.js version using
NODE_MODULE_VERSION 115. This version of Node.js requires
NODE_MODULE_VERSION 108. Please try re-compiling or re-installing
the module (for instance, using `npm rebuild` or `npm install`).
    at Module._extensions..node (node:internal/modules/cjs/loader:1460:18)
    at Module.load (node:internal/modules/cjs/loader:1203:32)
    at Module._load (node:internal/modules/cjs/loader:1019:12)
    at Module.require (node:internal/modules/cjs/loader:1231:19)
    at Hook._require.Module.require (/home/ubuntu/.nvm/versions/node/v20.20.0/lib/node_modules/pm2/node_modules/require-in-the-middle/index.js:101:39)
    at require (node:internal/modules/helpers:177:18)
    at bindings (/home/ubuntu/Magdalena/node_modules/bindings/bindings.js:112:48)
    at new Database (/home/ubuntu/Magdalena/node_modules/better-sqlite3/lib/database.js:48:64)
    at Object.<anonymous> (/home/ubuntu/Magdalena/db/init.js:6:12)
    at Module._compile (node:internal/modules/cjs/loader:1364:14)
Error: The module '/home/ubuntu/Magdalena/node_modules/better-sqlite3/build/Release/better_sqlite3.node'
was compiled against a different Node.js version using
NODE_MODULE_VERSION 115. This version of Node.js requires
NODE_MODULE_VERSION 108. Please try re-compiling or re-installing
the module (for instance, using `npm rebuild` or `npm install`).
    at Module._extensions..node (node:internal/modules/cjs/loader:1460:18)
    at Module.load (node:internal/modules/cjs/loader:1203:32)
    at Module._load (node:internal/modules/cjs/loader:1019:12)
    at Module.require (node:internal/modules/cjs/loader:1231:19)
    at Hook._require.Module.require (/home/ubuntu/.nvm/versions/node/v20.20.0/lib/node_modules/pm2/node_modules/require-in-the-middle/index.js:101:39)
    at require (node:internal/modules/helpers:177:18)
    at bindings (/home/ubuntu/Magdalena/node_modules/bindings/bindings.js:112:48)
    at new Database (/home/ubuntu/Magdalena/node_modules/better-sqlite3/lib/database.js:48:64)
    at Object.<anonymous> (/home/ubuntu/Magdalena/db/init.js:6:12)
    at Module._compile (node:internal/modules/cjs/loader:1364:14)
Error: The module '/home/ubuntu/Magdalena/node_modules/better-sqlite3/build/Release/better_sqlite3.node'
was compiled against a different Node.js version using
NODE_MODULE_VERSION 115. This version of Node.js requires
NODE_MODULE_VERSION 108. Please try re-compiling or re-installing
the module (for instance, using `npm rebuild` or `npm install`).
    at Module._extensions..node (node:internal/modules/cjs/loader:1460:18)
    at Module.load (node:internal/modules/cjs/loader:1203:32)
    at Module._load (node:internal/modules/cjs/loader:1019:12)
    at Module.require (node:internal/modules/cjs/loader:1231:19)
    at Hook._require.Module.require (/home/ubuntu/.nvm/versions/node/v20.20.0/lib/node_modules/pm2/node_modules/require-in-the-middle/index.js:101:39)
    at require (node:internal/modules/helpers:177:18)
    at bindings (/home/ubuntu/Magdalena/node_modules/bindings/bindings.js:112:48)
    at new Database (/home/ubuntu/Magdalena/node_modules/better-sqlite3/lib/database.js:48:64)
    at Object.<anonymous> (/home/ubuntu/Magdalena/db/init.js:6:12)
    at Module._compile (node:internal/modules/cjs/loader:1364:14)
Error: The module '/home/ubuntu/Magdalena/node_modules/better-sqlite3/build/Release/better_sqlite3.node'
was compiled against a different Node.js version using
NODE_MODULE_VERSION 115. This version of Node.js requires
NODE_MODULE_VERSION 108. Please try re-compiling or re-installing
the module (for instance, using `npm rebuild` or `npm install`).
    at Module._extensions..node (node:internal/modules/cjs/loader:1460:18)
    at Module.load (node:internal/modules/cjs/loader:1203:32)
    at Module._load (node:internal/modules/cjs/loader:1019:12)
    at Module.require (node:internal/modules/cjs/loader:1231:19)
    at Hook._require.Module.require (/home/ubuntu/.nvm/versions/node/v20.20.0/lib/node_modules/pm2/node_modules/require-in-the-middle/index.js:101:39)
    at require (node:internal/modules/helpers:177:18)
    at bindings (/home/ubuntu/Magdalena/node_modules/bindings/bindings.js:112:48)
    at new Database (/home/ubuntu/Magdalena/node_modules/better-sqlite3/lib/database.js:48:64)
    at Object.<anonymous> (/home/ubuntu/Magdalena/db/init.js:6:12)
    at Module._compile (node:internal/modules/cjs/loader:1364:14)
Error: The module '/home/ubuntu/Magdalena/node_modules/better-sqlite3/build/Release/better_sqlite3.node'
was compiled against a different Node.js version using
NODE_MODULE_VERSION 115. This version of Node.js requires
NODE_MODULE_VERSION 108. Please try re-compiling or re-installing
the module (for instance, using `npm rebuild` or `npm install`).
    at Module._extensions..node (node:internal/modules/cjs/loader:1460:18)
    at Module.load (node:internal/modules/cjs/loader:1203:32)
    at Module._load (node:internal/modules/cjs/loader:1019:12)
    at Module.require (node:internal/modules/cjs/loader:1231:19)
    at Hook._require.Module.require (/home/ubuntu/.nvm/versions/node/v20.20.0/lib/node_modules/pm2/node_modules/require-in-the-middle/index.js:101:39)
    at require (node:internal/modules/helpers:177:18)
    at bindings (/home/ubuntu/Magdalena/node_modules/bindings/bindings.js:112:48)
    at new Database (/home/ubuntu/Magdalena/node_modules/better-sqlite3/lib/database.js:48:64)
    at Object.<anonymous> (/home/ubuntu/Magdalena/db/init.js:6:12)
    at Module._compile (node:internal/modules/cjs/loader:1364:14)
Error: The module '/home/ubuntu/Magdalena/node_modules/better-sqlite3/build/Release/better_sqlite3.node'
was compiled against a different Node.js version using
NODE_MODULE_VERSION 115. This version of Node.js requires
NODE_MODULE_VERSION 108. Please try re-compiling or re-installing
the module (for instance, using `npm rebuild` or `npm install`).
    at Module._extensions..node (node:internal/modules/cjs/loader:1460:18)
    at Module.load (node:internal/modules/cjs/loader:1203:32)
    at Module._load (node:internal/modules/cjs/loader:1019:12)
    at Module.require (node:internal/modules/cjs/loader:1231:19)
    at Hook._require.Module.require (/home/ubuntu/.nvm/versions/node/v20.20.0/lib/node_modules/pm2/node_modules/require-in-the-middle/index.js:101:39)
    at require (node:internal/modules/helpers:177:18)
    at bindings (/home/ubuntu/Magdalena/node_modules/bindings/bindings.js:112:48)
    at new Database (/home/ubuntu/Magdalena/node_modules/better-sqlite3/lib/database.js:48:64)
    at Object.<anonymous> (/home/ubuntu/Magdalena/db/init.js:6:12)
    at Module._compile (node:internal/modules/cjs/loader:1364:14)
Error: The module '/home/ubuntu/Magdalena/node_modules/better-sqlite3/build/Release/better_sqlite3.node'
was compiled against a different Node.js version using
NODE_MODULE_VERSION 115. This version of Node.js requires
NODE_MODULE_VERSION 108. Please try re-compiling or re-installing
the module (for instance, using `npm rebuild` or `npm install`).
    at Module._extensions..node (node:internal/modules/cjs/loader:1460:18)
    at Module.load (node:internal/modules/cjs/loader:1203:32)
    at Module._load (node:internal/modules/cjs/loader:1019:12)
    at Module.require (node:internal/modules/cjs/loader:1231:19)
    at Hook._require.Module.require (/home/ubuntu/.nvm/versions/node/v20.20.0/lib/node_modules/pm2/node_modules/require-in-the-middle/index.js:101:39)
    at require (node:internal/modules/helpers:177:18)
    at bindings (/home/ubuntu/Magdalena/node_modules/bindings/bindings.js:112:48)
    at new Database (/home/ubuntu/Magdalena/node_modules/better-sqlite3/lib/database.js:48:64)
    at Object.<anonymous> (/home/ubuntu/Magdalena/db/init.js:6:12)
    at Module._compile (node:internal/modules/cjs/loader:1364:14)
Error: The module '/home/ubuntu/Magdalena/node_modules/better-sqlite3/build/Release/better_sqlite3.node'
was compiled against a different Node.js version using
NODE_MODULE_VERSION 115. This version of Node.js requires
NODE_MODULE_VERSION 108. Please try re-compiling or re-installing
the module (for instance, using `npm rebuild` or `npm install`).
    at Module._extensions..node (node:internal/modules/cjs/loader:1460:18)
    at Module.load (node:internal/modules/cjs/loader:1203:32)
    at Module._load (node:internal/modules/cjs/loader:1019:12)
    at Module.require (node:internal/modules/cjs/loader:1231:19)
    at Hook._require.Module.require (/home/ubuntu/.nvm/versions/node/v20.20.0/lib/node_modules/pm2/node_modules/require-in-the-middle/index.js:101:39)
    at require (node:internal/modules/helpers:177:18)
    at bindings (/home/ubuntu/Magdalena/node_modules/bindings/bindings.js:112:48)
    at new Database (/home/ubuntu/Magdalena/node_modules/better-sqlite3/lib/database.js:48:64)
    at Object.<anonymous> (/home/ubuntu/Magdalena/db/init.js:6:12)
    at Module._compile (node:internal/modules/cjs/loader:1364:14)
Error: The module '/home/ubuntu/Magdalena/node_modules/better-sqlite3/build/Release/better_sqlite3.node'
was compiled against a different Node.js version using
NODE_MODULE_VERSION 115. This version of Node.js requires
NODE_MODULE_VERSION 108. Please try re-compiling or re-installing
the module (for instance, using `npm rebuild` or `npm install`).
    at Module._extensions..node (node:internal/modules/cjs/loader:1460:18)
    at Module.load (node:internal/modules/cjs/loader:1203:32)
    at Module._load (node:internal/modules/cjs/loader:1019:12)
    at Module.require (node:internal/modules/cjs/loader:1231:19)
    at Hook._require.Module.require (/home/ubuntu/.nvm/versions/node/v20.20.0/lib/node_modules/pm2/node_modules/require-in-the-middle/index.js:101:39)
    at require (node:internal/modules/helpers:177:18)
    at bindings (/home/ubuntu/Magdalena/node_modules/bindings/bindings.js:112:48)
    at new Database (/home/ubuntu/Magdalena/node_modules/better-sqlite3/lib/database.js:48:64)
    at Object.<anonymous> (/home/ubuntu/Magdalena/db/init.js:6:12)
    at Module._compile (node:internal/modules/cjs/loader:1364:14)
Error: The module '/home/ubuntu/Magdalena/node_modules/better-sqlite3/build/Release/better_sqlite3.node'
was compiled against a different Node.js version using
NODE_MODULE_VERSION 115. This version of Node.js requires
NODE_MODULE_VERSION 108. Please try re-compiling or re-installing
the module (for instance, using `npm rebuild` or `npm install`).
    at Module._extensions..node (node:internal/modules/cjs/loader:1460:18)
    at Module.load (node:internal/modules/cjs/loader:1203:32)
    at Module._load (node:internal/modules/cjs/loader:1019:12)
    at Module.require (node:internal/modules/cjs/loader:1231:19)
    at Hook._require.Module.require (/home/ubuntu/.nvm/versions/node/v20.20.0/lib/node_modules/pm2/node_modules/require-in-the-middle/index.js:101:39)
    at require (node:internal/modules/helpers:177:18)
    at bindings (/home/ubuntu/Magdalena/node_modules/bindings/bindings.js:112:48)
    at new Database (/home/ubuntu/Magdalena/node_modules/better-sqlite3/lib/database.js:48:64)
    at Object.<anonymous> (/home/ubuntu/Magdalena/db/init.js:6:12)
    at Module._compile (node:internal/modules/cjs/loader:1364:14)
Error: The module '/home/ubuntu/Magdalena/node_modules/better-sqlite3/build/Release/better_sqlite3.node'
was compiled against a different Node.js version using
NODE_MODULE_VERSION 115. This version of Node.js requires
NODE_MODULE_VERSION 108. Please try re-compiling or re-installing
the module (for instance, using `npm rebuild` or `npm install`).
    at Module._extensions..node (node:internal/modules/cjs/loader:1460:18)
    at Module.load (node:internal/modules/cjs/loader:1203:32)
    at Module._load (node:internal/modules/cjs/loader:1019:12)
    at Module.require (node:internal/modules/cjs/loader:1231:19)
    at Hook._require.Module.require (/home/ubuntu/.nvm/versions/node/v20.20.0/lib/node_modules/pm2/node_modules/require-in-the-middle/index.js:101:39)
    at require (node:internal/modules/helpers:177:18)
    at bindings (/home/ubuntu/Magdalena/node_modules/bindings/bindings.js:112:48)
    at new Database (/home/ubuntu/Magdalena/node_modules/better-sqlite3/lib/database.js:48:64)
    at Object.<anonymous> (/home/ubuntu/Magdalena/db/init.js:6:12)
    at Module._compile (node:internal/modules/cjs/loader:1364:14)
Error: The module '/home/ubuntu/Magdalena/node_modules/better-sqlite3/build/Release/better_sqlite3.node'
was compiled against a different Node.js version using
NODE_MODULE_VERSION 115. This version of Node.js requires
NODE_MODULE_VERSION 108. Please try re-compiling or re-installing
the module (for instance, using `npm rebuild` or `npm install`).
    at Module._extensions..node (node:internal/modules/cjs/loader:1460:18)
    at Module.load (node:internal/modules/cjs/loader:1203:32)
    at Module._load (node:internal/modules/cjs/loader:1019:12)
    at Module.require (node:internal/modules/cjs/loader:1231:19)
    at Hook._require.Module.require (/home/ubuntu/.nvm/versions/node/v20.20.0/lib/node_modules/pm2/node_modules/require-in-the-middle/index.js:101:39)
    at require (node:internal/modules/helpers:177:18)
    at bindings (/home/ubuntu/Magdalena/node_modules/bindings/bindings.js:112:48)
    at new Database (/home/ubuntu/Magdalena/node_modules/better-sqlite3/lib/database.js:48:64)
    at Object.<anonymous> (/home/ubuntu/Magdalena/db/init.js:6:12)
    at Module._compile (node:internal/modules/cjs/loader:1364:14)
Error: The module '/home/ubuntu/Magdalena/node_modules/better-sqlite3/build/Release/better_sqlite3.node'
was compiled against a different Node.js version using
NODE_MODULE_VERSION 115. This version of Node.js requires
NODE_MODULE_VERSION 108. Please try re-compiling or re-installing
the module (for instance, using `npm rebuild` or `npm install`).
    at Module._extensions..node (node:internal/modules/cjs/loader:1460:18)
    at Module.load (node:internal/modules/cjs/loader:1203:32)
    at Module._load (node:internal/modules/cjs/loader:1019:12)
    at Module.require (node:internal/modules/cjs/loader:1231:19)
    at Hook._require.Module.require (/home/ubuntu/.nvm/versions/node/v20.20.0/lib/node_modules/pm2/node_modules/require-in-the-middle/index.js:101:39)
    at require (node:internal/modules/helpers:177:18)
    at bindings (/home/ubuntu/Magdalena/node_modules/bindings/bindings.js:112:48)
    at new Database (/home/ubuntu/Magdalena/node_modules/better-sqlite3/lib/database.js:48:64)
    at Object.<anonymous> (/home/ubuntu/Magdalena/db/init.js:6:12)
    at Module._compile (node:internal/modules/cjs/loader:1364:14)
Error: The module '/home/ubuntu/Magdalena/node_modules/better-sqlite3/build/Release/better_sqlite3.node'
was compiled against a different Node.js version using
NODE_MODULE_VERSION 115. This version of Node.js requires
NODE_MODULE_VERSION 108. Please try re-compiling or re-installing
the module (for instance, using `npm rebuild` or `npm install`).
    at Module._extensions..node (node:internal/modules/cjs/loader:1460:18)
    at Module.load (node:internal/modules/cjs/loader:1203:32)
    at Module._load (node:internal/modules/cjs/loader:1019:12)
    at Module.require (node:internal/modules/cjs/loader:1231:19)
    at Hook._require.Module.require (/home/ubuntu/.nvm/versions/node/v20.20.0/lib/node_modules/pm2/node_modules/require-in-the-middle/index.js:101:39)
    at require (node:internal/modules/helpers:177:18)
    at bindings (/home/ubuntu/Magdalena/node_modules/bindings/bindings.js:112:48)
    at new Database (/home/ubuntu/Magdalena/node_modules/better-sqlite3/lib/database.js:48:64)
    at Object.<anonymous> (/home/ubuntu/Magdalena/db/init.js:6:12)
    at Module._compile (node:internal/modules/cjs/loader:1364:14)
Error: The module '/home/ubuntu/Magdalena/node_modules/better-sqlite3/build/Release/better_sqlite3.node'
was compiled against a different Node.js version using
NODE_MODULE_VERSION 115. This version of Node.js requires
NODE_MODULE_VERSION 108. Please try re-compiling or re-installing
the module (for instance, using `npm rebuild` or `npm install`).
    at Module._extensions..node (node:internal/modules/cjs/loader:1460:18)
    at Module.load (node:internal/modules/cjs/loader:1203:32)
    at Module._load (node:internal/modules/cjs/loader:1019:12)
    at Module.require (node:internal/modules/cjs/loader:1231:19)
    at Hook._require.Module.require (/home/ubuntu/.nvm/versions/node/v20.20.0/lib/node_modules/pm2/node_modules/require-in-the-middle/index.js:101:39)
    at require (node:internal/modules/helpers:177:18)
    at bindings (/home/ubuntu/Magdalena/node_modules/bindings/bindings.js:112:48)
    at new Database (/home/ubuntu/Magdalena/node_modules/better-sqlite3/lib/database.js:48:64)
    at Object.<anonymous> (/home/ubuntu/Magdalena/db/init.js:6:12)
    at Module._compile (node:internal/modules/cjs/loader:1364:14)
Error: The module '/home/ubuntu/Magdalena/node_modules/better-sqlite3/build/Release/better_sqlite3.node'
was compiled against a different Node.js version using
NODE_MODULE_VERSION 115. This version of Node.js requires
NODE_MODULE_VERSION 108. Please try re-compiling or re-installing
the module (for instance, using `npm rebuild` or `npm install`).
    at Module._extensions..node (node:internal/modules/cjs/loader:1460:18)
    at Module.load (node:internal/modules/cjs/loader:1203:32)
    at Module._load (node:internal/modules/cjs/loader:1019:12)
    at Module.require (node:internal/modules/cjs/loader:1231:19)
    at Hook._require.Module.require (/home/ubuntu/.nvm/versions/node/v20.20.0/lib/node_modules/pm2/node_modules/require-in-the-middle/index.js:101:39)
    at require (node:internal/modules/helpers:177:18)
    at bindings (/home/ubuntu/Magdalena/node_modules/bindings/bindings.js:112:48)
    at new Database (/home/ubuntu/Magdalena/node_modules/better-sqlite3/lib/database.js:48:64)
    at Object.<anonymous> (/home/ubuntu/Magdalena/db/init.js:6:12)
    at Module._compile (node:internal/modules/cjs/loader:1364:14)
Error: The module '/home/ubuntu/Magdalena/node_modules/better-sqlite3/build/Release/better_sqlite3.node'
was compiled against a different Node.js version using
NODE_MODULE_VERSION 115. This version of Node.js requires
NODE_MODULE_VERSION 108. Please try re-compiling or re-installing
the module (for instance, using `npm rebuild` or `npm install`).
    at Module._extensions..node (node:internal/modules/cjs/loader:1460:18)
    at Module.load (node:internal/modules/cjs/loader:1203:32)
    at Module._load (node:internal/modules/cjs/loader:1019:12)
    at Module.require (node:internal/modules/cjs/loader:1231:19)
    at Hook._require.Module.require (/home/ubuntu/.nvm/versions/node/v20.20.0/lib/node_modules/pm2/node_modules/require-in-the-middle/index.js:101:39)
    at require (node:internal/modules/helpers:177:18)
    at bindings (/home/ubuntu/Magdalena/node_modules/bindings/bindings.js:112:48)
    at new Database (/home/ubuntu/Magdalena/node_modules/better-sqlite3/lib/database.js:48:64)
    at Object.<anonymous> (/home/ubuntu/Magdalena/db/init.js:6:12)
    at Module._compile (node:internal/modules/cjs/loader:1364:14)
Error: The module '/home/ubuntu/Magdalena/node_modules/better-sqlite3/build/Release/better_sqlite3.node'
was compiled against a different Node.js version using
NODE_MODULE_VERSION 115. This version of Node.js requires
NODE_MODULE_VERSION 108. Please try re-compiling or re-installing
the module (for instance, using `npm rebuild` or `npm install`).
    at Module._extensions..node (node:internal/modules/cjs/loader:1460:18)
    at Module.load (node:internal/modules/cjs/loader:1203:32)
    at Module._load (node:internal/modules/cjs/loader:1019:12)
    at Module.require (node:internal/modules/cjs/loader:1231:19)
    at Hook._require.Module.require (/home/ubuntu/.nvm/versions/node/v20.20.0/lib/node_modules/pm2/node_modules/require-in-the-middle/index.js:101:39)
    at require (node:internal/modules/helpers:177:18)
    at bindings (/home/ubuntu/Magdalena/node_modules/bindings/bindings.js:112:48)
    at new Database (/home/ubuntu/Magdalena/node_modules/better-sqlite3/lib/database.js:48:64)
    at Object.<anonymous> (/home/ubuntu/Magdalena/db/init.js:6:12)
    at Module._compile (node:internal/modules/cjs/loader:1364:14)
Error: The module '/home/ubuntu/Magdalena/node_modules/better-sqlite3/build/Release/better_sqlite3.node'
was compiled against a different Node.js version using
NODE_MODULE_VERSION 115. This version of Node.js requires
NODE_MODULE_VERSION 108. Please try re-compiling or re-installing
the module (for instance, using `npm rebuild` or `npm install`).
    at Module._extensions..node (node:internal/modules/cjs/loader:1460:18)
    at Module.load (node:internal/modules/cjs/loader:1203:32)
    at Module._load (node:internal/modules/cjs/loader:1019:12)
    at Module.require (node:internal/modules/cjs/loader:1231:19)
    at Hook._require.Module.require (/home/ubuntu/.nvm/versions/node/v20.20.0/lib/node_modules/pm2/node_modules/require-in-the-middle/index.js:101:39)
    at require (node:internal/modules/helpers:177:18)
    at bindings (/home/ubuntu/Magdalena/node_modules/bindings/bindings.js:112:48)
    at new Database (/home/ubuntu/Magdalena/node_modules/better-sqlite3/lib/database.js:48:64)
    at Object.<anonymous> (/home/ubuntu/Magdalena/db/init.js:6:12)
    at Module._compile (node:internal/modules/cjs/loader:1364:14)
Error: The module '/home/ubuntu/Magdalena/node_modules/better-sqlite3/build/Release/better_sqlite3.node'
was compiled against a different Node.js version using
NODE_MODULE_VERSION 115. This version of Node.js requires
NODE_MODULE_VERSION 108. Please try re-compiling or re-installing
the module (for instance, using `npm rebuild` or `npm install`).
    at Module._extensions..node (node:internal/modules/cjs/loader:1460:18)
    at Module.load (node:internal/modules/cjs/loader:1203:32)
    at Module._load (node:internal/modules/cjs/loader:1019:12)
    at Module.require (node:internal/modules/cjs/loader:1231:19)
    at Hook._require.Module.require (/home/ubuntu/.nvm/versions/node/v20.20.0/lib/node_modules/pm2/node_modules/require-in-the-middle/index.js:101:39)
    at require (node:internal/modules/helpers:177:18)
    at bindings (/home/ubuntu/Magdalena/node_modules/bindings/bindings.js:112:48)
    at new Database (/home/ubuntu/Magdalena/node_modules/better-sqlite3/lib/database.js:48:64)
    at Object.<anonymous> (/home/ubuntu/Magdalena/db/init.js:6:12)
    at Module._compile (node:internal/modules/cjs/loader:1364:14)
Error: The module '/home/ubuntu/Magdalena/node_modules/better-sqlite3/build/Release/better_sqlite3.node'
was compiled against a different Node.js version using
NODE_MODULE_VERSION 115. This version of Node.js requires
NODE_MODULE_VERSION 108. Please try re-compiling or re-installing
the module (for instance, using `npm rebuild` or `npm install`).
    at Module._extensions..node (node:internal/modules/cjs/loader:1460:18)
    at Module.load (node:internal/modules/cjs/loader:1203:32)
    at Module._load (node:internal/modules/cjs/loader:1019:12)
    at Module.require (node:internal/modules/cjs/loader:1231:19)
    at Hook._require.Module.require (/home/ubuntu/.nvm/versions/node/v20.20.0/lib/node_modules/pm2/node_modules/require-in-the-middle/index.js:101:39)
    at require (node:internal/modules/helpers:177:18)
    at bindings (/home/ubuntu/Magdalena/node_modules/bindings/bindings.js:112:48)
    at new Database (/home/ubuntu/Magdalena/node_modules/better-sqlite3/lib/database.js:48:64)
    at Object.<anonymous> (/home/ubuntu/Magdalena/db/init.js:6:12)
    at Module._compile (node:internal/modules/cjs/loader:1364:14)
Error: The module '/home/ubuntu/Magdalena/node_modules/better-sqlite3/build/Release/better_sqlite3.node'
was compiled against a different Node.js version using
NODE_MODULE_VERSION 115. This version of Node.js requires
NODE_MODULE_VERSION 108. Please try re-compiling or re-installing
the module (for instance, using `npm rebuild` or `npm install`).
    at Module._extensions..node (node:internal/modules/cjs/loader:1460:18)
    at Module.load (node:internal/modules/cjs/loader:1203:32)
    at Module._load (node:internal/modules/cjs/loader:1019:12)
    at Module.require (node:internal/modules/cjs/loader:1231:19)
    at Hook._require.Module.require (/home/ubuntu/.nvm/versions/node/v20.20.0/lib/node_modules/pm2/node_modules/require-in-the-middle/index.js:101:39)
    at require (node:internal/modules/helpers:177:18)
    at bindings (/home/ubuntu/Magdalena/node_modules/bindings/bindings.js:112:48)
    at new Database (/home/ubuntu/Magdalena/node_modules/better-sqlite3/lib/database.js:48:64)
    at Object.<anonymous> (/home/ubuntu/Magdalena/db/init.js:6:12)
    at Module._compile (node:internal/modules/cjs/loader:1364:14)
Error: The module '/home/ubuntu/Magdalena/node_modules/better-sqlite3/build/Release/better_sqlite3.node'
was compiled against a different Node.js version using
NODE_MODULE_VERSION 115. This version of Node.js requires
NODE_MODULE_VERSION 108. Please try re-compiling or re-installing
the module (for instance, using `npm rebuild` or `npm install`).
    at Module._extensions..node (node:internal/modules/cjs/loader:1460:18)
    at Module.load (node:internal/modules/cjs/loader:1203:32)
    at Module._load (node:internal/modules/cjs/loader:1019:12)
    at Module.require (node:internal/modules/cjs/loader:1231:19)
    at Hook._require.Module.require (/home/ubuntu/.nvm/versions/node/v20.20.0/lib/node_modules/pm2/node_modules/require-in-the-middle/index.js:101:39)
    at require (node:internal/modules/helpers:177:18)
    at bindings (/home/ubuntu/Magdalena/node_modules/bindings/bindings.js:112:48)
    at new Database (/home/ubuntu/Magdalena/node_modules/better-sqlite3/lib/database.js:48:64)
    at Object.<anonymous> (/home/ubuntu/Magdalena/db/init.js:6:12)
    at Module._compile (node:internal/modules/cjs/loader:1364:14)
Error: The module '/home/ubuntu/Magdalena/node_modules/better-sqlite3/build/Release/better_sqlite3.node'
was compiled against a different Node.js version using
NODE_MODULE_VERSION 115. This version of Node.js requires
NODE_MODULE_VERSION 108. Please try re-compiling or re-installing
the module (for instance, using `npm rebuild` or `npm install`).
    at Module._extensions..node (node:internal/modules/cjs/loader:1460:18)
    at Module.load (node:internal/modules/cjs/loader:1203:32)
    at Module._load (node:internal/modules/cjs/loader:1019:12)
    at Module.require (node:internal/modules/cjs/loader:1231:19)
    at Hook._require.Module.require (/home/ubuntu/.nvm/versions/node/v20.20.0/lib/node_modules/pm2/node_modules/require-in-the-middle/index.js:101:39)
    at require (node:internal/modules/helpers:177:18)
    at bindings (/home/ubuntu/Magdalena/node_modules/bindings/bindings.js:112:48)
    at new Database (/home/ubuntu/Magdalena/node_modules/better-sqlite3/lib/database.js:48:64)
    at Object.<anonymous> (/home/ubuntu/Magdalena/db/init.js:6:12)
    at Module._compile (node:internal/modules/cjs/loader:1364:14)
Error: The module '/home/ubuntu/Magdalena/node_modules/better-sqlite3/build/Release/better_sqlite3.node'
was compiled against a different Node.js version using
NODE_MODULE_VERSION 115. This version of Node.js requires
NODE_MODULE_VERSION 108. Please try re-compiling or re-installing
the module (for instance, using `npm rebuild` or `npm install`).
    at Module._extensions..node (node:internal/modules/cjs/loader:1460:18)
    at Module.load (node:internal/modules/cjs/loader:1203:32)
    at Module._load (node:internal/modules/cjs/loader:1019:12)
    at Module.require (node:internal/modules/cjs/loader:1231:19)
    at Hook._require.Module.require (/home/ubuntu/.nvm/versions/node/v20.20.0/lib/node_modules/pm2/node_modules/require-in-the-middle/index.js:101:39)
    at require (node:internal/modules/helpers:177:18)
    at bindings (/home/ubuntu/Magdalena/node_modules/bindings/bindings.js:112:48)
    at new Database (/home/ubuntu/Magdalena/node_modules/better-sqlite3/lib/database.js:48:64)
    at Object.<anonymous> (/home/ubuntu/Magdalena/db/init.js:6:12)
    at Module._compile (node:internal/modules/cjs/loader:1364:14)
